
*** Running vivado
    with args -log system_wrapper.rdi -applog -m64 -messageDb vivado.pb -mode batch -source system_wrapper.tcl -notrace


****** Vivado v2013.4 (64-bit)
  **** SW Build 353583 on Mon Dec  9 17:49:19 MST 2013
  **** IP Build 208076 on Mon Dec  2 12:38:17 MST 2013
    ** Copyright 1986-1999, 2001-2013 Xilinx, Inc. All Rights Reserved.

Attempting to get a license: Implementation
INFO: [Common 17-86] Your Implementation license expires in 19 day(s)
Feature available: Implementation
Loading parts and site information from D:/PFE-Install/Vivado/2013.4/data/parts/arch.xml
Parsing RTL primitives file [D:/PFE-Install/Vivado/2013.4/data/parts/xilinx/rtl/prims/rtl_prims.xml]
Finished parsing RTL primitives file [D:/PFE-Install/Vivado/2013.4/data/parts/xilinx/rtl/prims/rtl_prims.xml]
source system_wrapper.tcl -notrace
Command: open_checkpoint D:/PFE-Install/Vivado/2013.4/my_job/xadc_led_first_solution/xadc_led_first_solution.runs/impl_1/system_wrapper.dcp
INFO: [Netlist 29-17] Analyzing 3 Unisim elements for replacement
INFO: [Netlist 29-28] Unisim Transformation completed in 0 CPU seconds
INFO: [Project 1-479] Netlist was created with Vivado 2013.4
Loading clock regions from D:/PFE-Install/Vivado/2013.4/data\parts/xilinx/zynq/zynq/xc7z020/ClockRegion.xml
Loading clock buffers from D:/PFE-Install/Vivado/2013.4/data\parts/xilinx/zynq/zynq/xc7z020/ClockBuffers.xml
Loading clock placement rules from D:/PFE-Install/Vivado/2013.4/data/parts/xilinx/zynq/ClockPlacerRules.xml
Loading package pin functions from D:/PFE-Install/Vivado/2013.4/data\parts/xilinx/zynq/PinFunctions.xml...
Loading package from D:/PFE-Install/Vivado/2013.4/data\parts/xilinx/zynq/zynq/xc7z020/clg484/Package.xml
Loading io standards from D:/PFE-Install/Vivado/2013.4/data\./parts/xilinx/zynq/IOStandards.xml
Parsing XDC File [D:/PFE-Install/Vivado/2013.4/my_job/xadc_led_first_solution/xadc_led_first_solution.runs/impl_1/.Xil/Vivado-3116-med-PC/dcp/system_wrapper_board.xdc]
Finished Parsing XDC File [D:/PFE-Install/Vivado/2013.4/my_job/xadc_led_first_solution/xadc_led_first_solution.runs/impl_1/.Xil/Vivado-3116-med-PC/dcp/system_wrapper_board.xdc]
Parsing XDC File [D:/PFE-Install/Vivado/2013.4/my_job/xadc_led_first_solution/xadc_led_first_solution.runs/impl_1/.Xil/Vivado-3116-med-PC/dcp/system_wrapper_early.xdc]
Finished Parsing XDC File [D:/PFE-Install/Vivado/2013.4/my_job/xadc_led_first_solution/xadc_led_first_solution.runs/impl_1/.Xil/Vivado-3116-med-PC/dcp/system_wrapper_early.xdc]
Parsing XDC File [D:/PFE-Install/Vivado/2013.4/my_job/xadc_led_first_solution/xadc_led_first_solution.runs/impl_1/.Xil/Vivado-3116-med-PC/dcp/system_wrapper.xdc]
Finished Parsing XDC File [D:/PFE-Install/Vivado/2013.4/my_job/xadc_led_first_solution/xadc_led_first_solution.runs/impl_1/.Xil/Vivado-3116-med-PC/dcp/system_wrapper.xdc]
Reading XDEF placement.
Reading XDEF routing.
Read XDEF File: Time (s): cpu = 00:00:00 ; elapsed = 00:00:00.107 . Memory (MB): peak = 873.969 ; gain = 0.000
Restoring placement.
Restored 139 out of 139 XDEF sites from archive | CPU: 1.000000 secs | Memory: 0.000000 MB |
INFO: [Opt 31-138] Pushed 0 inverter(s).
INFO: [Memdata 28-144] Successfully populated the BRAM INIT strings from the following elf files: 
INFO: [Project 1-111] Unisim Transformation Summary:
No Unisim elements were transformed.

INFO: [Project 1-484] Checkpoint was created with build 353583
open_checkpoint: Time (s): cpu = 00:00:35 ; elapsed = 00:00:37 . Memory (MB): peak = 873.969 ; gain = 686.957
Command: opt_design
Attempting to get a license for feature 'Implementation' and/or device 'xc7z020'
INFO: [Common 17-349] Got license for feature 'Implementation' and/or device 'xc7z020'
Running DRC as a precondition to command opt_design

Starting DRC Task
INFO: [Drc 23-27] Running DRC with 2 threads
INFO: [Project 1-461] DRC finished with 0 Errors
INFO: [Project 1-462] Please refer to the DRC report (report_drc) for more information.

Time (s): cpu = 00:00:00 ; elapsed = 00:00:00.282 . Memory (MB): peak = 878.094 ; gain = 4.125

Starting Logic Optimization Task
INFO: [Timing 38-35] Done setting XDC timing constraints.

Phase 1 Retarget

INFO: [Opt 31-138] Pushed 0 inverter(s).
INFO: [Opt 31-49] Retargeted 0 cell(s).
Phase 1 Retarget | Checksum: 2611bca3e

Time (s): cpu = 00:00:01 ; elapsed = 00:00:00.740 . Memory (MB): peak = 881.625 ; gain = 3.531

Phase 2 Constant Propagation
INFO: [Opt 31-138] Pushed 0 inverter(s).
INFO: [Opt 31-10] Eliminated 227 cells.
Phase 2 Constant Propagation | Checksum: 21575c67f

Time (s): cpu = 00:00:01 ; elapsed = 00:00:02 . Memory (MB): peak = 881.625 ; gain = 3.531

Phase 3 Sweep
INFO: [Opt 31-12] Eliminated 309 unconnected nets.
INFO: [Opt 31-11] Eliminated 244 unconnected cells.
Phase 3 Sweep | Checksum: 205f140d3

Time (s): cpu = 00:00:02 ; elapsed = 00:00:03 . Memory (MB): peak = 881.625 ; gain = 3.531
Ending Logic Optimization Task | Checksum: 205f140d3

Time (s): cpu = 00:00:00 ; elapsed = 00:00:03 . Memory (MB): peak = 881.625 ; gain = 3.531
Implement Debug Cores | Checksum: 2611bca3e
Logic Optimization | Checksum: 2611bca3e

Starting Power Optimization Task
Ending Power Optimization Task | Checksum: 205f140d3

Time (s): cpu = 00:00:00 ; elapsed = 00:00:00.089 . Memory (MB): peak = 881.625 ; gain = 0.000
INFO: [Common 17-83] Releasing license: Implementation
19 Infos, 0 Warnings, 0 Critical Warnings and 0 Errors encountered.
opt_design completed successfully
INFO: [Timing 38-35] Done setting XDC timing constraints.
Writing XDEF routing.
Writing XDEF routing logical nets.
Writing XDEF routing special nets.
Write XDEF Complete: Time (s): cpu = 00:00:00 ; elapsed = 00:00:00.246 . Memory (MB): peak = 883.250 ; gain = 0.980
Command: place_design
Attempting to get a license for feature 'Implementation' and/or device 'xc7z020'
INFO: [Common 17-349] Got license for feature 'Implementation' and/or device 'xc7z020'
Running DRC as a precondition to command place_design
INFO: [Drc 23-27] Running DRC with 2 threads
INFO: [Vivado_Tcl 4-198] DRC finished with 0 Errors
INFO: [Vivado_Tcl 4-199] Please refer to the DRC report (report_drc) for more information.

Starting Placer Task
INFO: [Place 30-611] Multithreading enabled for place_design using a maximum of 2 CPUs

Phase 1 Placer Initialization

Phase 1.1 Placer Initialization Core
Netlist sorting complete. Time (s): cpu = 00:00:00 ; elapsed = 00:00:00.023 . Memory (MB): peak = 887.074 ; gain = 0.000

Phase 1.1.1 Mandatory Logic Optimization
INFO: [Opt 31-140] Inserted 0 IBUFs to IO ports without IO buffers.
INFO: [Opt 31-141] Inserted 0 OBUFs to IO ports without IO buffers.
INFO: [Opt 31-138] Pushed 0 inverter(s).
Netlist sorting complete. Time (s): cpu = 00:00:00 ; elapsed = 00:00:00.012 . Memory (MB): peak = 887.074 ; gain = 0.000
Phase 1.1.1 Mandatory Logic Optimization | Checksum: ef4ea2dc

Time (s): cpu = 00:00:00 ; elapsed = 00:00:00.439 . Memory (MB): peak = 887.074 ; gain = 0.000

Phase 1.1.2 Build Super Logic Region (SLR) Database
Phase 1.1.2 Build Super Logic Region (SLR) Database | Checksum: ef4ea2dc

Time (s): cpu = 00:00:00 ; elapsed = 00:00:00.482 . Memory (MB): peak = 887.074 ; gain = 0.000

Phase 1.1.3 Add Constraints
Phase 1.1.3 Add Constraints | Checksum: ef4ea2dc

Time (s): cpu = 00:00:00 ; elapsed = 00:00:00.484 . Memory (MB): peak = 887.074 ; gain = 0.000

Phase 1.1.4 Build Macros
Phase 1.1.4 Build Macros | Checksum: 113c52906

Time (s): cpu = 00:00:00 ; elapsed = 00:00:01 . Memory (MB): peak = 887.074 ; gain = 0.000

Phase 1.1.5 Implementation Feasibility check
WARNING: [Place 30-12] An IO Bus FIXED_IO_mio with more than one IO standard is found. Components associated with this bus are: 
	FIXED_IO_mio[0] of IOStandard LVCMOS33
	FIXED_IO_mio[1] of IOStandard LVCMOS33
	FIXED_IO_mio[2] of IOStandard LVCMOS33
	FIXED_IO_mio[3] of IOStandard LVCMOS33
	FIXED_IO_mio[4] of IOStandard LVCMOS33
	FIXED_IO_mio[5] of IOStandard LVCMOS33
	FIXED_IO_mio[6] of IOStandard LVCMOS33
	FIXED_IO_mio[7] of IOStandard LVCMOS33
	FIXED_IO_mio[8] of IOStandard LVCMOS33
	FIXED_IO_mio[9] of IOStandard LVCMOS33
	FIXED_IO_mio[10] of IOStandard LVCMOS33
	FIXED_IO_mio[11] of IOStandard LVCMOS33
	FIXED_IO_mio[12] of IOStandard LVCMOS33
	FIXED_IO_mio[13] of IOStandard LVCMOS33
	FIXED_IO_mio[14] of IOStandard LVCMOS33
	FIXED_IO_mio[15] of IOStandard LVCMOS33
	FIXED_IO_mio[16] of IOStandard LVCMOS18
	FIXED_IO_mio[17] of IOStandard LVCMOS18
	FIXED_IO_mio[18] of IOStandard LVCMOS18
	FIXED_IO_mio[19] of IOStandard LVCMOS18
	FIXED_IO_mio[20] of IOStandard LVCMOS18
	FIXED_IO_mio[21] of IOStandard LVCMOS18
	FIXED_IO_mio[22] of IOStandard LVCMOS18
	FIXED_IO_mio[23] of IOStandard LVCMOS18
	FIXED_IO_mio[24] of IOStandard LVCMOS18
	FIXED_IO_mio[25] of IOStandard LVCMOS18
	FIXED_IO_mio[26] of IOStandard LVCMOS18
	FIXED_IO_mio[27] of IOStandard LVCMOS18
	FIXED_IO_mio[28] of IOStandard LVCMOS18
	FIXED_IO_mio[29] of IOStandard LVCMOS18
	FIXED_IO_mio[30] of IOStandard LVCMOS18
	FIXED_IO_mio[31] of IOStandard LVCMOS18
	FIXED_IO_mio[32] of IOStandard LVCMOS18
	FIXED_IO_mio[33] of IOStandard LVCMOS18
	FIXED_IO_mio[34] of IOStandard LVCMOS18
	FIXED_IO_mio[35] of IOStandard LVCMOS18
	FIXED_IO_mio[36] of IOStandard LVCMOS18
	FIXED_IO_mio[37] of IOStandard LVCMOS18
	FIXED_IO_mio[38] of IOStandard LVCMOS18
	FIXED_IO_mio[39] of IOStandard LVCMOS18
	FIXED_IO_mio[40] of IOStandard LVCMOS18
	FIXED_IO_mio[41] of IOStandard LVCMOS18
	FIXED_IO_mio[42] of IOStandard LVCMOS18
	FIXED_IO_mio[43] of IOStandard LVCMOS18
	FIXED_IO_mio[44] of IOStandard LVCMOS18
	FIXED_IO_mio[45] of IOStandard LVCMOS18
	FIXED_IO_mio[46] of IOStandard LVCMOS18
	FIXED_IO_mio[47] of IOStandard LVCMOS18
	FIXED_IO_mio[48] of IOStandard LVCMOS18
	FIXED_IO_mio[49] of IOStandard LVCMOS18
	FIXED_IO_mio[50] of IOStandard LVCMOS18
	FIXED_IO_mio[51] of IOStandard LVCMOS18
	FIXED_IO_mio[52] of IOStandard LVCMOS18
	FIXED_IO_mio[53] of IOStandard LVCMOS18
Phase 1.1.5 Implementation Feasibility check | Checksum: 113c52906

Time (s): cpu = 00:00:01 ; elapsed = 00:00:01 . Memory (MB): peak = 887.082 ; gain = 0.008

Phase 1.1.6 Pre-Place Cells
Phase 1.1.6 Pre-Place Cells | Checksum: 187450b9d

Time (s): cpu = 00:00:01 ; elapsed = 00:00:01 . Memory (MB): peak = 887.082 ; gain = 0.008

Phase 1.1.7 IO Placement/ Clock Placement/ Build Placer Device
Phase 1.1.7 IO Placement/ Clock Placement/ Build Placer Device | Checksum: e51ed4dd

Time (s): cpu = 00:00:02 ; elapsed = 00:00:03 . Memory (MB): peak = 887.715 ; gain = 0.641

Phase 1.1.8 Build Placer Netlist Model

Phase 1.1.8.1 Place Init Design

Phase 1.1.8.1.1 Build Clock Data
Phase 1.1.8.1.1 Build Clock Data | Checksum: 1e3af982e

Time (s): cpu = 00:00:04 ; elapsed = 00:00:04 . Memory (MB): peak = 890.848 ; gain = 3.773
Phase 1.1.8.1 Place Init Design | Checksum: 1ae0eb751

Time (s): cpu = 00:00:04 ; elapsed = 00:00:05 . Memory (MB): peak = 890.848 ; gain = 3.773
Phase 1.1.8 Build Placer Netlist Model | Checksum: 1ae0eb751

Time (s): cpu = 00:00:04 ; elapsed = 00:00:05 . Memory (MB): peak = 890.848 ; gain = 3.773

Phase 1.1.9 Constrain Clocks/Macros

Phase 1.1.9.1 Constrain Global/Regional Clocks
Phase 1.1.9.1 Constrain Global/Regional Clocks | Checksum: 1ae0eb751

Time (s): cpu = 00:00:04 ; elapsed = 00:00:05 . Memory (MB): peak = 890.848 ; gain = 3.773
Phase 1.1.9 Constrain Clocks/Macros | Checksum: 1ae0eb751

Time (s): cpu = 00:00:04 ; elapsed = 00:00:05 . Memory (MB): peak = 890.848 ; gain = 3.773
Phase 1.1 Placer Initialization Core | Checksum: 1ae0eb751

Time (s): cpu = 00:00:04 ; elapsed = 00:00:05 . Memory (MB): peak = 890.848 ; gain = 3.773
Phase 1 Placer Initialization | Checksum: 1ae0eb751

Time (s): cpu = 00:00:04 ; elapsed = 00:00:05 . Memory (MB): peak = 890.848 ; gain = 3.773

Phase 2 Global Placement

Phase 2.1 Run Budgeter
Phase 2.1 Run Budgeter | Checksum: 178fe8817

Time (s): cpu = 00:00:07 ; elapsed = 00:00:07 . Memory (MB): peak = 897.785 ; gain = 10.711
Phase 2 Global Placement | Checksum: 1a2a2c44a

Time (s): cpu = 00:00:13 ; elapsed = 00:00:13 . Memory (MB): peak = 897.785 ; gain = 10.711

Phase 3 Detail Placement

Phase 3.1 Commit Multi Column Macros
Phase 3.1 Commit Multi Column Macros | Checksum: 1a2a2c44a

Time (s): cpu = 00:00:13 ; elapsed = 00:00:13 . Memory (MB): peak = 897.785 ; gain = 10.711

Phase 3.2 Commit Most Macros & LUTRAMs
Phase 3.2 Commit Most Macros & LUTRAMs | Checksum: 22f5144b3

Time (s): cpu = 00:00:15 ; elapsed = 00:00:14 . Memory (MB): peak = 904.238 ; gain = 17.164

Phase 3.3 Area Swap Optimization
Phase 3.3 Area Swap Optimization | Checksum: 1f5df0292

Time (s): cpu = 00:00:15 ; elapsed = 00:00:14 . Memory (MB): peak = 904.281 ; gain = 17.207

Phase 3.4 Timing Path Optimizer
Phase 3.4 Timing Path Optimizer | Checksum: 20f378d9e

Time (s): cpu = 00:00:15 ; elapsed = 00:00:14 . Memory (MB): peak = 905.820 ; gain = 18.746

Phase 3.5 Commit Small Macros & Core Logic
Phase 3.5 Commit Small Macros & Core Logic | Checksum: 19fb5ed31

Time (s): cpu = 00:00:16 ; elapsed = 00:00:15 . Memory (MB): peak = 911.266 ; gain = 24.191

Phase 3.6 Re-assign LUT pins
Phase 3.6 Re-assign LUT pins | Checksum: 19fb5ed31

Time (s): cpu = 00:00:17 ; elapsed = 00:00:16 . Memory (MB): peak = 911.266 ; gain = 24.191
Phase 3 Detail Placement | Checksum: 19fb5ed31

Time (s): cpu = 00:00:17 ; elapsed = 00:00:16 . Memory (MB): peak = 911.266 ; gain = 24.191

Phase 4 Post Placement Optimization and Clean-Up

Phase 4.1 PCOPT Shape updates
Phase 4.1 PCOPT Shape updates | Checksum: 24bdd3e2f

Time (s): cpu = 00:00:17 ; elapsed = 00:00:16 . Memory (MB): peak = 911.266 ; gain = 24.191

Phase 4.2 Post Placement Optimization

Phase 4.2.1 Post Placement Timing Optimization
Phase 4.2.1 Post Placement Timing Optimization | Checksum: 31b9d9bbb

Time (s): cpu = 00:00:18 ; elapsed = 00:00:16 . Memory (MB): peak = 911.266 ; gain = 24.191
Phase 4.2 Post Placement Optimization | Checksum: 31b9d9bbb

Time (s): cpu = 00:00:18 ; elapsed = 00:00:16 . Memory (MB): peak = 911.266 ; gain = 24.191

Phase 4.3 Post Placement Cleanup
Phase 4.3 Post Placement Cleanup | Checksum: 31b9d9bbb

Time (s): cpu = 00:00:18 ; elapsed = 00:00:16 . Memory (MB): peak = 911.266 ; gain = 24.191

Phase 4.4 Placer Reporting

Phase 4.4.1 Congestion Reporting
Phase 4.4.1 Congestion Reporting | Checksum: 31b9d9bbb

Time (s): cpu = 00:00:18 ; elapsed = 00:00:16 . Memory (MB): peak = 911.266 ; gain = 24.191

Phase 4.4.2 updateTiming final
Phase 4.4.2 updateTiming final | Checksum: 2bda46d20

Time (s): cpu = 00:00:18 ; elapsed = 00:00:17 . Memory (MB): peak = 911.266 ; gain = 24.191

Phase 4.4.3 Dump Critical Paths 
Phase 4.4.3 Dump Critical Paths  | Checksum: 2bda46d20

Time (s): cpu = 00:00:18 ; elapsed = 00:00:17 . Memory (MB): peak = 911.266 ; gain = 24.191

Phase 4.4.4 Restore STA
Phase 4.4.4 Restore STA | Checksum: 2bda46d20

Time (s): cpu = 00:00:18 ; elapsed = 00:00:17 . Memory (MB): peak = 911.266 ; gain = 24.191

Phase 4.4.5 Print Final WNS
INFO: [Place 30-100] Post Placement Timing Summary | WNS=13.466 | TNS=0.000  |

Phase 4.4.5 Print Final WNS | Checksum: 2bda46d20

Time (s): cpu = 00:00:20 ; elapsed = 00:00:18 . Memory (MB): peak = 911.266 ; gain = 24.191
Phase 4.4 Placer Reporting | Checksum: 2bda46d20

Time (s): cpu = 00:00:20 ; elapsed = 00:00:18 . Memory (MB): peak = 911.266 ; gain = 24.191

Phase 4.5 Final Placement Cleanup
Phase 4.5 Final Placement Cleanup | Checksum: 293347dbc

Time (s): cpu = 00:00:20 ; elapsed = 00:00:18 . Memory (MB): peak = 911.266 ; gain = 24.191
Phase 4 Post Placement Optimization and Clean-Up | Checksum: 293347dbc

Time (s): cpu = 00:00:20 ; elapsed = 00:00:18 . Memory (MB): peak = 911.266 ; gain = 24.191
Ending Placer Task | Checksum: 1f5fc2b86

Time (s): cpu = 00:00:00 ; elapsed = 00:00:18 . Memory (MB): peak = 911.266 ; gain = 24.191
INFO: [Common 17-83] Releasing license: Implementation
30 Infos, 1 Warnings, 0 Critical Warnings and 0 Errors encountered.
place_design completed successfully
place_design: Time (s): cpu = 00:00:21 ; elapsed = 00:00:18 . Memory (MB): peak = 911.266 ; gain = 28.016
INFO: [Timing 38-163] DEBUG : Generate clock report | CPU: 0 secs 

report_utilization: Time (s): cpu = 00:00:00 ; elapsed = 00:00:00.088 . Memory (MB): peak = 912.988 ; gain = 0.000
INFO: [Designutils 20-134] DEBUG : Generate Control Sets report | CPU: 0 secs 
Writing XDEF routing.
Writing XDEF routing logical nets.
Writing XDEF routing special nets.
Write XDEF Complete: Time (s): cpu = 00:00:00 ; elapsed = 00:00:00.532 . Memory (MB): peak = 912.988 ; gain = 0.000
Command: route_design
Attempting to get a license for feature 'Implementation' and/or device 'xc7z020'
INFO: [Common 17-349] Got license for feature 'Implementation' and/or device 'xc7z020'
Running DRC as a precondition to command route_design
INFO: [Drc 23-27] Running DRC with 2 threads
INFO: [Vivado_Tcl 4-198] DRC finished with 0 Errors, 1 Warnings
INFO: [Vivado_Tcl 4-199] Please refer to the DRC report (report_drc) for more information.


Starting Routing Task
INFO: [Route 35-254] Multithreading enabled for route_design using a maximum of 2 CPUs

Starting Route Task

Phase 1 Build RT Design

Phase 1.1 Build Netlist & NodeGraph
Phase 1.1 Build Netlist & NodeGraph | Checksum: 1f5fc2b86

Time (s): cpu = 00:01:34 ; elapsed = 00:00:43 . Memory (MB): peak = 1057.656 ; gain = 127.707
Phase 1 Build RT Design | Checksum: 5c535133

Time (s): cpu = 00:01:34 ; elapsed = 00:00:43 . Memory (MB): peak = 1057.656 ; gain = 127.707

Phase 2 Router Initialization

Phase 2.1 Create Timer
Phase 2.1 Create Timer | Checksum: 5c535133

Time (s): cpu = 00:01:34 ; elapsed = 00:00:43 . Memory (MB): peak = 1057.656 ; gain = 127.707

Phase 2.2 Restore Routing
Phase 2.2 Restore Routing | Checksum: 5c535133

Time (s): cpu = 00:01:34 ; elapsed = 00:00:44 . Memory (MB): peak = 1066.027 ; gain = 136.078

Phase 2.3 Special Net Routing
 Number of Nodes with overlaps = 0
Phase 2.3 Special Net Routing | Checksum: 142182c61

Time (s): cpu = 00:01:35 ; elapsed = 00:00:44 . Memory (MB): peak = 1084.250 ; gain = 154.301

Phase 2.4 Local Clock Net Routing
Phase 2.4 Local Clock Net Routing | Checksum: 142182c61

Time (s): cpu = 00:01:35 ; elapsed = 00:00:44 . Memory (MB): peak = 1084.250 ; gain = 154.301

Phase 2.5 Update Timing

Phase 2.5.1 Update timing with NCN CRPR

Phase 2.5.1.1 Hold Budgeting
Phase 2.5.1.1 Hold Budgeting | Checksum: 142182c61

Time (s): cpu = 00:01:37 ; elapsed = 00:00:45 . Memory (MB): peak = 1084.754 ; gain = 154.805
Phase 2.5.1 Update timing with NCN CRPR | Checksum: 142182c61

Time (s): cpu = 00:01:37 ; elapsed = 00:00:45 . Memory (MB): peak = 1084.754 ; gain = 154.805
Phase 2.5 Update Timing | Checksum: 142182c61

Time (s): cpu = 00:01:37 ; elapsed = 00:00:45 . Memory (MB): peak = 1084.754 ; gain = 154.805
INFO: [Route 35-57] Estimated Timing Summary | WNS=13.5   | TNS=0      | WHS=-0.147 | THS=-23.2  |


Phase 2.6 Budgeting
Phase 2.6 Budgeting | Checksum: 142182c61

Time (s): cpu = 00:01:37 ; elapsed = 00:00:46 . Memory (MB): peak = 1084.754 ; gain = 154.805
Phase 2 Router Initialization | Checksum: 142182c61

Time (s): cpu = 00:01:37 ; elapsed = 00:00:46 . Memory (MB): peak = 1084.754 ; gain = 154.805

Phase 3 Initial Routing
Phase 3 Initial Routing | Checksum: 17f5c4985

Time (s): cpu = 00:01:38 ; elapsed = 00:00:46 . Memory (MB): peak = 1084.754 ; gain = 154.805

Phase 4 Rip-up And Reroute

Phase 4.1 Global Iteration 0

Phase 4.1.1 Remove Overlaps
 Number of Nodes with overlaps = 81
 Number of Nodes with overlaps = 0
Phase 4.1.1 Remove Overlaps | Checksum: 7102b025

Time (s): cpu = 00:01:39 ; elapsed = 00:00:46 . Memory (MB): peak = 1084.754 ; gain = 154.805

Phase 4.1.2 Update Timing
Phase 4.1.2 Update Timing | Checksum: 7102b025

Time (s): cpu = 00:01:39 ; elapsed = 00:00:47 . Memory (MB): peak = 1084.754 ; gain = 154.805
INFO: [Route 35-57] Estimated Timing Summary | WNS=12.6   | TNS=0      | WHS=N/A    | THS=N/A    |


Phase 4.1.3 collectNewHoldAndFix
Phase 4.1.3 collectNewHoldAndFix | Checksum: 112ac304b

Time (s): cpu = 00:01:39 ; elapsed = 00:00:47 . Memory (MB): peak = 1084.754 ; gain = 154.805
Phase 4.1 Global Iteration 0 | Checksum: 112ac304b

Time (s): cpu = 00:01:39 ; elapsed = 00:00:47 . Memory (MB): peak = 1084.754 ; gain = 154.805

Phase 4.2 Global Iteration 1

Phase 4.2.1 Remove Overlaps
 Number of Nodes with overlaps = 2
 Number of Nodes with overlaps = 0
Phase 4.2.1 Remove Overlaps | Checksum: 14249e4db

Time (s): cpu = 00:01:39 ; elapsed = 00:00:47 . Memory (MB): peak = 1084.754 ; gain = 154.805

Phase 4.2.2 Update Timing
Phase 4.2.2 Update Timing | Checksum: 14249e4db

Time (s): cpu = 00:01:39 ; elapsed = 00:00:47 . Memory (MB): peak = 1084.754 ; gain = 154.805
INFO: [Route 35-57] Estimated Timing Summary | WNS=12.6   | TNS=0      | WHS=N/A    | THS=N/A    |


Phase 4.2.3 collectNewHoldAndFix
Phase 4.2.3 collectNewHoldAndFix | Checksum: 14249e4db

Time (s): cpu = 00:01:39 ; elapsed = 00:00:47 . Memory (MB): peak = 1084.754 ; gain = 154.805
Phase 4.2 Global Iteration 1 | Checksum: 14249e4db

Time (s): cpu = 00:01:39 ; elapsed = 00:00:47 . Memory (MB): peak = 1084.754 ; gain = 154.805
Phase 4 Rip-up And Reroute | Checksum: 14249e4db

Time (s): cpu = 00:01:39 ; elapsed = 00:00:47 . Memory (MB): peak = 1084.754 ; gain = 154.805

Phase 5 Delay CleanUp

Phase 5.1 Update Timing
Phase 5.1 Update Timing | Checksum: 14249e4db

Time (s): cpu = 00:01:40 ; elapsed = 00:00:47 . Memory (MB): peak = 1084.754 ; gain = 154.805
INFO: [Route 35-57] Estimated Timing Summary | WNS=12.6   | TNS=0      | WHS=N/A    | THS=N/A    |

Phase 5 Delay CleanUp | Checksum: 14249e4db

Time (s): cpu = 00:01:40 ; elapsed = 00:00:47 . Memory (MB): peak = 1084.754 ; gain = 154.805

Phase 6 Post Hold Fix

Phase 6.1 Full Hold Analysis

Phase 6.1.1 Update Timing
Phase 6.1.1 Update Timing | Checksum: 14249e4db

Time (s): cpu = 00:01:40 ; elapsed = 00:00:47 . Memory (MB): peak = 1084.754 ; gain = 154.805
INFO: [Route 35-57] Estimated Timing Summary | WNS=12.6   | TNS=0      | WHS=0.078  | THS=0      |

Phase 6.1 Full Hold Analysis | Checksum: 14249e4db

Time (s): cpu = 00:01:40 ; elapsed = 00:00:48 . Memory (MB): peak = 1084.754 ; gain = 154.805
Phase 6 Post Hold Fix | Checksum: 14249e4db

Time (s): cpu = 00:01:40 ; elapsed = 00:00:48 . Memory (MB): peak = 1084.754 ; gain = 154.805

Router Utilization Summary
  Global Vertical Routing Utilization    = 0.281557 %
  Global Horizontal Routing Utilization  = 0.385057 %
  Routable Net Status*
  *Does not include unroutable nets such as driverless and loadless.
  Run report_route_status for detailed report.
  Number of Failed Nets               = 0
  Number of Unrouted Nets             = 0
  Number of Partially Routed Nets     = 0
  Number of Node Overlaps             = 0


Phase 7 Verifying routed nets

 Verification completed successfully
Phase 7 Verifying routed nets | Checksum: 14249e4db

Time (s): cpu = 00:01:40 ; elapsed = 00:00:48 . Memory (MB): peak = 1084.754 ; gain = 154.805

Phase 8 Depositing Routes
Phase 8 Depositing Routes | Checksum: 132ac34ea

Time (s): cpu = 00:01:40 ; elapsed = 00:00:48 . Memory (MB): peak = 1084.754 ; gain = 154.805

Phase 9 Post Router Timing
INFO: [Route 35-20] Post Routing Timing Summary | WNS=12.643 | TNS=0.000  | WHS=0.079  | THS=0.000  |

INFO: [Route 35-61] The design met the timing requirement.
Phase 9 Post Router Timing | Checksum: 132ac34ea

Time (s): cpu = 00:01:42 ; elapsed = 00:00:49 . Memory (MB): peak = 1084.754 ; gain = 154.805
INFO: [Route 35-16] Router Completed Successfully
Ending Route Task | Checksum: 132ac34ea

Time (s): cpu = 00:00:00 ; elapsed = 00:00:49 . Memory (MB): peak = 1084.754 ; gain = 154.805

Routing Is Done.

Time (s): cpu = 00:00:00 ; elapsed = 00:00:49 . Memory (MB): peak = 1084.754 ; gain = 154.805
INFO: [Common 17-83] Releasing license: Implementation
46 Infos, 1 Warnings, 0 Critical Warnings and 0 Errors encountered.
route_design completed successfully
route_design: Time (s): cpu = 00:01:44 ; elapsed = 00:00:51 . Memory (MB): peak = 1084.754 ; gain = 171.766
INFO: [Drc 23-27] Running DRC with 2 threads
INFO: [Coretcl 2-168] The results of DRC are in file D:/PFE-Install/Vivado/2013.4/my_job/xadc_led_first_solution/xadc_led_first_solution.runs/impl_1/system_wrapper_drc_routed.rpt.
Running Vector-less Activity Propagation...

Finished Running Vector-less Activity Propagation
report_power: Time (s): cpu = 00:00:08 ; elapsed = 00:00:07 . Memory (MB): peak = 1084.754 ; gain = 0.000
INFO: [Timing 38-91] UpdateTimingParams: Speed grade: -1, Delay Type: min_max, Constraints type: SDC.
INFO: [Timing 38-191] Multithreading enabled for timing update using a maximum of 2 CPUs
Writing XDEF routing.
Writing XDEF routing logical nets.
Writing XDEF routing special nets.
Write XDEF Complete: Time (s): cpu = 00:00:01 ; elapsed = 00:00:00.591 . Memory (MB): peak = 1084.754 ; gain = 0.000
INFO: [Common 17-206] Exiting Vivado at Sun Aug 10 17:34:57 2014...

*** Running vivado
    with args -log system_wrapper.rdi -applog -m64 -messageDb vivado.pb -mode batch -source system_wrapper.tcl -notrace


****** Vivado v2013.4 (64-bit)
  **** SW Build 353583 on Mon Dec  9 17:49:19 MST 2013
  **** IP Build 208076 on Mon Dec  2 12:38:17 MST 2013
    ** Copyright 1986-1999, 2001-2013 Xilinx, Inc. All Rights Reserved.

Attempting to get a license: Implementation
INFO: [Common 17-86] Your Implementation license expires in 19 day(s)
Feature available: Implementation
Loading parts and site information from D:/PFE-Install/Vivado/2013.4/data/parts/arch.xml
Parsing RTL primitives file [D:/PFE-Install/Vivado/2013.4/data/parts/xilinx/rtl/prims/rtl_prims.xml]
Finished parsing RTL primitives file [D:/PFE-Install/Vivado/2013.4/data/parts/xilinx/rtl/prims/rtl_prims.xml]
source system_wrapper.tcl -notrace
Command: open_checkpoint system_wrapper_routed.dcp
INFO: [Netlist 29-17] Analyzing 3 Unisim elements for replacement
INFO: [Netlist 29-28] Unisim Transformation completed in 0 CPU seconds
INFO: [Project 1-479] Netlist was created with Vivado 2013.4
Loading clock regions from D:/PFE-Install/Vivado/2013.4/data\parts/xilinx/zynq/zynq/xc7z020/ClockRegion.xml
Loading clock buffers from D:/PFE-Install/Vivado/2013.4/data\parts/xilinx/zynq/zynq/xc7z020/ClockBuffers.xml
Loading clock placement rules from D:/PFE-Install/Vivado/2013.4/data/parts/xilinx/zynq/ClockPlacerRules.xml
Loading package pin functions from D:/PFE-Install/Vivado/2013.4/data\parts/xilinx/zynq/PinFunctions.xml...
Loading package from D:/PFE-Install/Vivado/2013.4/data\parts/xilinx/zynq/zynq/xc7z020/clg484/Package.xml
Loading io standards from D:/PFE-Install/Vivado/2013.4/data\./parts/xilinx/zynq/IOStandards.xml
Parsing XDC File [D:/PFE-Install/Vivado/2013.4/my_job/xadc_led_first_solution/xadc_led_first_solution.runs/impl_1/.Xil/Vivado-7040-med-PC/dcp/system_wrapper_board.xdc]
Finished Parsing XDC File [D:/PFE-Install/Vivado/2013.4/my_job/xadc_led_first_solution/xadc_led_first_solution.runs/impl_1/.Xil/Vivado-7040-med-PC/dcp/system_wrapper_board.xdc]
Parsing XDC File [D:/PFE-Install/Vivado/2013.4/my_job/xadc_led_first_solution/xadc_led_first_solution.runs/impl_1/.Xil/Vivado-7040-med-PC/dcp/system_wrapper_early.xdc]
Finished Parsing XDC File [D:/PFE-Install/Vivado/2013.4/my_job/xadc_led_first_solution/xadc_led_first_solution.runs/impl_1/.Xil/Vivado-7040-med-PC/dcp/system_wrapper_early.xdc]
Parsing XDC File [D:/PFE-Install/Vivado/2013.4/my_job/xadc_led_first_solution/xadc_led_first_solution.runs/impl_1/.Xil/Vivado-7040-med-PC/dcp/system_wrapper.xdc]
Finished Parsing XDC File [D:/PFE-Install/Vivado/2013.4/my_job/xadc_led_first_solution/xadc_led_first_solution.runs/impl_1/.Xil/Vivado-7040-med-PC/dcp/system_wrapper.xdc]
Reading XDEF placement.
Reading XDEF routing.
Read XDEF File: Time (s): cpu = 00:00:00 ; elapsed = 00:00:00.199 . Memory (MB): peak = 872.023 ; gain = 0.000
Restoring placement.
Restored 586 out of 586 XDEF sites from archive | CPU: 1.000000 secs | Memory: 0.000000 MB |
INFO: [Opt 31-138] Pushed 0 inverter(s).
INFO: [Memdata 28-144] Successfully populated the BRAM INIT strings from the following elf files: 
INFO: [Project 1-111] Unisim Transformation Summary:
No Unisim elements were transformed.

INFO: [Project 1-484] Checkpoint was created with build 353583
open_checkpoint: Time (s): cpu = 00:00:35 ; elapsed = 00:00:36 . Memory (MB): peak = 873.078 ; gain = 686.570
Attempting to get a license for feature 'Implementation' and/or device 'xc7z020'
INFO: [Common 17-349] Got license for feature 'Implementation' and/or device 'xc7z020'
Running DRC as a precondition to command write_bitstream
INFO: [Drc 23-27] Running DRC with 2 threads
INFO: [Vivado 12-3199] DRC finished with 0 Errors, 131 Warnings, 1 Advisories
INFO: [Vivado 12-3200] Please refer to the DRC report (report_drc) for more information.
Loading data files...
Loading site data...
Loading route data...
Processing options...
Creating bitmap...
Creating bitstream...
Writing bitstream ./system_wrapper.bit...
INFO: [Vivado 12-1842] Bitgen Completed Successfully.
INFO: [Project 1-118] WebTalk data collection is enabled (User setting is ON. Install Setting is ON.).
INFO: [Common 17-185] WebTalk report has not been sent to Xilinx. Please check your network and proxy settings.
INFO: [Common 17-83] Releasing license: Implementation
write_bitstream: Time (s): cpu = 00:00:39 ; elapsed = 00:01:11 . Memory (MB): peak = 1230.578 ; gain = 357.500
INFO: [Common 17-206] Exiting Vivado at Sun Aug 10 17:39:59 2014...
