Copyright 1986-1999, 2001-2013 Xilinx, Inc. All Rights Reserved.
-------------------------------------------------------------------------------------------
| Tool Version : Vivado v.2013.4 (win64) Build 353583 Mon Dec  9 17:49:19 MST 2013
| Date         : Sun Aug 10 17:33:55 2014
| Host         : med-PC running 64-bit major release  (build 7600)
| Command      : report_control_sets -verbose -file system_wrapper_control_sets_placed.rpt
| Design       : system_wrapper
| Device       : xc7z020
-------------------------------------------------------------------------------------------

Control Set Information

Table of Contents
-----------------
1. Summary
2. Flip-Flop Distribution
3. Detailed Control Set Information

1. Summary
----------

+-------------------------------------------------------------------+-------+
|                               Status                              | Count |
+-------------------------------------------------------------------+-------+
| Number of unique control sets                                     |    45 |
| Minimum Number of register sites lost to control set restrictions |   103 |
+-------------------------------------------------------------------+-------+


2. Flip-Flop Distribution
-------------------------

+--------------+-----------------------+------------------------+-----------------+--------------+
| Clock Enable | Synchronous Set/Reset | Asynchronous Set/Reset | Total Registers | Total Slices |
+--------------+-----------------------+------------------------+-----------------+--------------+
| No           | No                    | No                     |             241 |          113 |
| No           | No                    | Yes                    |               0 |            0 |
| No           | Yes                   | No                     |             316 |           94 |
| Yes          | No                    | No                     |             441 |          123 |
| Yes          | No                    | Yes                    |               0 |            0 |
| Yes          | Yes                   | No                     |             203 |           62 |
+--------------+-----------------------+------------------------+-----------------+--------------+


3. Detailed Control Set Information
-----------------------------------

+-----------------------------------------------+-------------------------------------------------------------------------------------------------------------------------------------+-------------------------------------------------------------------------------------------------------------------------------------+------------------+----------------+
|                  Clock Signal                 |                                                            Enable Signal                                                            |                                                           Set/Reset Signal                                                          | Slice Load Count | Bel Load Count |
+-----------------------------------------------+-------------------------------------------------------------------------------------------------------------------------------------+-------------------------------------------------------------------------------------------------------------------------------------+------------------+----------------+
|  system_i/processing_system7_0/inst/FCLK_CLK0 | system_i/processing_system7_0_axi_periph/s00_couplers/auto_pc/inst/gen_axilite.gen_b2s_conv.axilite_b2s/WR.b_channel_0/bresp_push   |                                                                                                                                     |                1 |              2 |
|  system_i/processing_system7_0/inst/FCLK_CLK0 | system_i/xadc_wiz_0/inst/AXI_XADC_CORE_I/JTAGLOCKED                                                                                 | system_i/xadc_wiz_0/inst/reset2ip_reset                                                                                             |                1 |              4 |
|  system_i/processing_system7_0/inst/FCLK_CLK0 | system_i/processing_system7_0_axi_periph/s00_couplers/auto_pc/n_0_axlen_cnt[3]_i_1__1                                               |                                                                                                                                     |                2 |              4 |
|  system_i/processing_system7_0/inst/FCLK_CLK0 |                                                                                                                                     | system_i/axi_gpio_0/U0/AXI_LITE_IPIF_I/I_SLAVE_ATTACHMENT/p_2_out                                                                   |                1 |              4 |
|  system_i/processing_system7_0/inst/FCLK_CLK0 | system_i/processing_system7_0_axi_periph/s00_couplers/auto_pc/n_0_axlen_cnt[3]_i_1__0                                               | system_i/processing_system7_0_axi_periph/s00_couplers/auto_pc/n_0_axlen_cnt[7]_i_1__0                                               |                2 |              4 |
|  system_i/processing_system7_0/inst/FCLK_CLK0 | system_i/processing_system7_0_axi_periph/s00_couplers/auto_pc/n_0_axlen_cnt[3]_i_1__0                                               |                                                                                                                                     |                2 |              4 |
|  system_i/processing_system7_0/inst/FCLK_CLK0 | system_i/processing_system7_0_axi_periph/s00_couplers/auto_pc/n_0_axlen_cnt[3]_i_1                                                  |                                                                                                                                     |                1 |              4 |
|  system_i/processing_system7_0/inst/FCLK_CLK0 | system_i/rst_processing_system7_0_100M/U0/SEQ/seq_cnt_en                                                                            | system_i/rst_processing_system7_0_100M/U0/clear                                                                                     |                1 |              6 |
|  system_i/processing_system7_0/inst/FCLK_CLK0 |                                                                                                                                     | system_i/processing_system7_0_axi_periph/xbar/inst/gen_sasd.crossbar_sasd_0/reset                                                   |                3 |              6 |
|  system_i/processing_system7_0/inst/FCLK_CLK0 |                                                                                                                                     | system_i/xadc_wiz_0/inst/AXI_LITE_IPIF_I/I_SLAVE_ATTACHMENT/p_2_out                                                                 |                2 |              7 |
|  system_i/processing_system7_0/inst/FCLK_CLK0 | system_i/processing_system7_0_axi_periph/s00_couplers/auto_pc/inst/gen_axilite.gen_b2s_conv.axilite_b2s/WR.b_channel_0/mhandshake_r | system_i/processing_system7_0_axi_periph/s00_couplers/auto_pc/inst/gen_axilite.gen_b2s_conv.axilite_b2s/WR.b_channel_0/s_bresp_acc0 |                3 |              8 |
|  system_i/processing_system7_0/inst/FCLK_CLK0 | system_i/processing_system7_0_axi_periph/s00_couplers/auto_pc/n_0_axlen_cnt[7]_i_1                                                  |                                                                                                                                     |                2 |              8 |
|  system_i/processing_system7_0/inst/FCLK_CLK0 |                                                                                                                                     | system_i/processing_system7_0_axi_periph/s00_couplers/auto_pc/n_0_areset_d1_i_1                                                     |                4 |              8 |
|  system_i/processing_system7_0/inst/FCLK_CLK0 | system_i/processing_system7_0_axi_periph/s00_couplers/auto_pc/n_0_axaddr_wrap[11]_i_1                                               |                                                                                                                                     |                4 |             12 |
|  system_i/processing_system7_0/inst/FCLK_CLK0 | system_i/processing_system7_0_axi_periph/s00_couplers/auto_pc/n_0_wrap_boundary_axaddr_r[11]_i_1__0                                 |                                                                                                                                     |                6 |             12 |
|  system_i/processing_system7_0/inst/FCLK_CLK0 | system_i/processing_system7_0_axi_periph/s00_couplers/auto_pc/n_0_wrap_boundary_axaddr_r[11]_i_1                                    |                                                                                                                                     |                6 |             12 |
|  system_i/processing_system7_0/inst/FCLK_CLK0 | system_i/processing_system7_0_axi_periph/s00_couplers/auto_pc/n_0_axaddr_incr[0]_i_1                                                |                                                                                                                                     |                3 |             12 |
|  system_i/processing_system7_0/inst/FCLK_CLK0 | system_i/processing_system7_0_axi_periph/s00_couplers/auto_pc/n_0_axaddr_incr[0]_i_1__0                                             |                                                                                                                                     |                3 |             12 |
|  system_i/processing_system7_0/inst/FCLK_CLK0 | system_i/processing_system7_0_axi_periph/s00_couplers/auto_pc/n_0_axaddr_wrap[11]_i_1__0                                            |                                                                                                                                     |                4 |             12 |
|  system_i/processing_system7_0/inst/FCLK_CLK0 | system_i/processing_system7_0_axi_periph/s00_couplers/auto_pc/inst/gen_axilite.gen_b2s_conv.axilite_b2s/RD.r_channel_0/r_push_r     |                                                                                                                                     |                4 |             13 |
|  system_i/processing_system7_0/inst/FCLK_CLK0 | system_i/processing_system7_0_axi_periph/s00_couplers/auto_pc/inst/gen_axilite.gen_b2s_conv.axilite_b2s/si_rs_bready                |                                                                                                                                     |                4 |             14 |
|  system_i/processing_system7_0/inst/FCLK_CLK0 | system_i/processing_system7_0_axi_periph/s00_couplers/auto_pc/inst/gen_axilite.gen_b2s_conv.axilite_b2s/SI_REG/b_pipe/p_1_in        |                                                                                                                                     |                4 |             14 |
|  system_i/processing_system7_0/inst/FCLK_CLK0 |                                                                                                                                     | system_i/xadc_wiz_0/inst/n_0_do_reg[15]_i_1                                                                                         |                3 |             16 |
|  system_i/processing_system7_0/inst/FCLK_CLK0 | system_i/xadc_wiz_0/inst/INTR_CTRLR_GEN_I.INTERRUPT_CONTROL_I/irpt_wrack_d11                                                        | system_i/xadc_wiz_0/inst/reset2ip_reset                                                                                             |                6 |             17 |
|  system_i/processing_system7_0/inst/FCLK_CLK0 | system_i/xadc_wiz_0/inst/n_0_s_axi_rdata_i[31]_i_1                                                                                  | system_i/xadc_wiz_0/inst/bus2ip_reset_active_high                                                                                   |                6 |             19 |
|  system_i/processing_system7_0/inst/FCLK_CLK0 | system_i/processing_system7_0_axi_periph/s00_couplers/auto_pc/inst/gen_axilite.gen_b2s_conv.axilite_b2s/b_push                      |                                                                                                                                     |                3 |             20 |
|  system_i/processing_system7_0/inst/FCLK_CLK0 |                                                                                                                                     | system_i/xadc_wiz_0/inst/bus2ip_reset_active_high                                                                                   |                5 |             21 |
|  system_i/processing_system7_0/inst/FCLK_CLK0 | system_i/processing_system7_0_axi_periph/xbar/inst/gen_sasd.crossbar_sasd_0/addr_arbiter_inst/p_0_in1_in                            | system_i/processing_system7_0_axi_periph/xbar/inst/gen_sasd.crossbar_sasd_0/reset                                                   |               11 |             24 |
|  system_i/processing_system7_0/inst/FCLK_CLK0 | system_i/xadc_wiz_0/inst/AXI_LITE_IPIF_I/I_SLAVE_ATTACHMENT/start                                                                   | system_i/xadc_wiz_0/inst/AXI_LITE_IPIF_I/I_SLAVE_ATTACHMENT/I_DECODER/cs_ce_clr                                                     |                7 |             25 |
|  system_i/processing_system7_0/inst/FCLK_CLK0 | system_i/axi_gpio_0/U0/n_0_Not_Dual.gpio_Data_Out[0]_i_1                                                                            | system_i/axi_gpio_0/U0/bus2ip_reset                                                                                                 |                6 |             32 |
|  system_i/processing_system7_0/inst/FCLK_CLK0 | system_i/axi_gpio_0/U0/n_0_Not_Dual.gpio_OE[0]_i_1                                                                                  | system_i/axi_gpio_0/U0/bus2ip_reset                                                                                                 |                6 |             32 |
|  system_i/processing_system7_0/inst/FCLK_CLK0 | system_i/axi_gpio_0/U0/n_0_s_axi_rdata_i[31]_i_1                                                                                    | system_i/axi_gpio_0/U0/bus2ip_reset                                                                                                 |               13 |             32 |
|  system_i/processing_system7_0/inst/FCLK_CLK0 |                                                                                                                                     | system_i/axi_gpio_0/U0/gpio_core_1/Read_Reg_Rst                                                                                     |                9 |             32 |
|  system_i/processing_system7_0/inst/FCLK_CLK0 | system_i/processing_system7_0_axi_periph/s00_couplers/auto_pc/inst/gen_axilite.gen_b2s_conv.axilite_b2s/RD.r_channel_0/wr_en0       |                                                                                                                                     |               10 |             34 |
|  system_i/processing_system7_0/inst/FCLK_CLK0 | system_i/processing_system7_0_axi_periph/xbar/n_0_m_payload_i[34]_i_1                                                               |                                                                                                                                     |               14 |             35 |
|  system_i/processing_system7_0/inst/FCLK_CLK0 |                                                                                                                                     | system_i/axi_gpio_0/U0/bus2ip_reset                                                                                                 |               12 |             38 |
|  system_i/processing_system7_0/inst/FCLK_CLK0 | system_i/processing_system7_0_axi_periph/s00_couplers/auto_pc/inst/gen_axilite.gen_b2s_conv.axilite_b2s/SI_REG/r_pipe/p_1_in        |                                                                                                                                     |               12 |             47 |
|  system_i/processing_system7_0/inst/FCLK_CLK0 | system_i/processing_system7_0_axi_periph/s00_couplers/auto_pc/inst/gen_axilite.gen_b2s_conv.axilite_b2s/si_rs_rready                |                                                                                                                                     |               11 |             47 |
|  system_i/processing_system7_0/inst/FCLK_CLK0 | system_i/processing_system7_0_axi_periph/s00_couplers/auto_pc/inst/gen_axilite.gen_b2s_conv.axilite_b2s/SI_REG/ar_pipe/p_1_in       |                                                                                                                                     |               13 |             48 |
|  system_i/processing_system7_0/inst/FCLK_CLK0 | system_i/processing_system7_0_axi_periph/s00_couplers/auto_pc/inst/gen_axilite.gen_b2s_conv.axilite_b2s/SI_REG/aw_pipe/p_1_in       |                                                                                                                                     |               10 |             48 |
|  system_i/processing_system7_0/inst/FCLK_CLK0 | system_i/processing_system7_0_axi_periph/s00_couplers/auto_pc/s_axi_awready                                                         |                                                                                                                                     |               10 |             48 |
|  system_i/processing_system7_0/inst/FCLK_CLK0 | system_i/processing_system7_0_axi_periph/s00_couplers/auto_pc/s_axi_arready                                                         |                                                                                                                                     |               12 |             48 |
|  system_i/processing_system7_0/inst/FCLK_CLK0 |                                                                                                                                     | system_i/processing_system7_0_axi_periph/s00_couplers/auto_pc/inst/gen_axilite.gen_b2s_conv.axilite_b2s/areset_d1                   |               20 |             71 |
|  system_i/processing_system7_0/inst/FCLK_CLK0 |                                                                                                                                     | system_i/xadc_wiz_0/inst/reset2ip_reset                                                                                             |               35 |            113 |
|  system_i/processing_system7_0/inst/FCLK_CLK0 |                                                                                                                                     |                                                                                                                                     |              114 |            242 |
+-----------------------------------------------+-------------------------------------------------------------------------------------------------------------------------------------+-------------------------------------------------------------------------------------------------------------------------------------+------------------+----------------+


